<?xml version="1.0" encoding="UTF-8"?>
<testsuite name="testingDBObjects.StudentTest" tests="4" skipped="0" failures="0" errors="0" timestamp="2017-04-07T11:15:22" hostname="NicolaiPC" time="0.001">
  <properties/>
  <testcase name="testgetCourseNameForCourse" classname="testingDBObjects.StudentTest" time="0.0"/>
  <testcase name="testgetUsername" classname="testingDBObjects.StudentTest" time="0.0"/>
  <testcase name="testgetCourseIDNames" classname="testingDBObjects.StudentTest" time="0.0"/>
  <testcase name="testgetStudyProgram" classname="testingDBObjects.StudentTest" time="0.0"/>
  <system-out><![CDATA[]]></system-out>
  <system-err><![CDATA[]]></system-err>
</testsuite>
